{"/Users/ishipulin/Documents/yandex_praktikum/SpaceY/src/components/index.tsx": {"path":"/Users/ishipulin/Documents/yandex_praktikum/SpaceY/src/components/index.tsx","statementMap":{"0":{"start":{"line":2,"column":22},"end":{"line":4,"column":1}},"1":{"start":{"line":3,"column":4},"end":{"line":3,"column":62}},"2":{"start":{"line":5,"column":0},"end":{"line":5,"column":62}},"3":{"start":{"line":6,"column":0},"end":{"line":6,"column":171}},"4":{"start":{"line":7,"column":15},"end":{"line":7,"column":50}},"5":{"start":{"line":8,"column":0},"end":{"line":8,"column":127}},"6":{"start":{"line":8,"column":80},"end":{"line":8,"column":121}},"7":{"start":{"line":9,"column":15},"end":{"line":9,"column":50}},"8":{"start":{"line":10,"column":0},"end":{"line":10,"column":127}},"9":{"start":{"line":10,"column":80},"end":{"line":10,"column":121}},"10":{"start":{"line":11,"column":22},"end":{"line":11,"column":71}},"11":{"start":{"line":12,"column":0},"end":{"line":12,"column":141}},"12":{"start":{"line":12,"column":87},"end":{"line":12,"column":135}},"13":{"start":{"line":13,"column":19},"end":{"line":13,"column":62}},"14":{"start":{"line":14,"column":0},"end":{"line":14,"column":135}},"15":{"start":{"line":14,"column":84},"end":{"line":14,"column":129}},"16":{"start":{"line":15,"column":14},"end":{"line":15,"column":47}},"17":{"start":{"line":16,"column":0},"end":{"line":16,"column":125}},"18":{"start":{"line":16,"column":79},"end":{"line":16,"column":119}},"19":{"start":{"line":17,"column":13},"end":{"line":17,"column":44}},"20":{"start":{"line":18,"column":0},"end":{"line":18,"column":123}},"21":{"start":{"line":18,"column":78},"end":{"line":18,"column":117}},"22":{"start":{"line":19,"column":13},"end":{"line":19,"column":44}},"23":{"start":{"line":20,"column":0},"end":{"line":20,"column":123}},"24":{"start":{"line":20,"column":78},"end":{"line":20,"column":117}},"25":{"start":{"line":21,"column":19},"end":{"line":21,"column":62}},"26":{"start":{"line":22,"column":0},"end":{"line":22,"column":135}},"27":{"start":{"line":22,"column":84},"end":{"line":22,"column":129}},"28":{"start":{"line":23,"column":16},"end":{"line":23,"column":53}},"29":{"start":{"line":24,"column":0},"end":{"line":24,"column":129}},"30":{"start":{"line":24,"column":81},"end":{"line":24,"column":123}}},"fnMap":{"0":{"name":"(anonymous_0)","decl":{"start":{"line":2,"column":56},"end":{"line":2,"column":57}},"loc":{"start":{"line":2,"column":71},"end":{"line":4,"column":1}},"line":2},"1":{"name":"(anonymous_1)","decl":{"start":{"line":8,"column":66},"end":{"line":8,"column":67}},"loc":{"start":{"line":8,"column":78},"end":{"line":8,"column":123}},"line":8},"2":{"name":"(anonymous_2)","decl":{"start":{"line":10,"column":66},"end":{"line":10,"column":67}},"loc":{"start":{"line":10,"column":78},"end":{"line":10,"column":123}},"line":10},"3":{"name":"(anonymous_3)","decl":{"start":{"line":12,"column":73},"end":{"line":12,"column":74}},"loc":{"start":{"line":12,"column":85},"end":{"line":12,"column":137}},"line":12},"4":{"name":"(anonymous_4)","decl":{"start":{"line":14,"column":70},"end":{"line":14,"column":71}},"loc":{"start":{"line":14,"column":82},"end":{"line":14,"column":131}},"line":14},"5":{"name":"(anonymous_5)","decl":{"start":{"line":16,"column":65},"end":{"line":16,"column":66}},"loc":{"start":{"line":16,"column":77},"end":{"line":16,"column":121}},"line":16},"6":{"name":"(anonymous_6)","decl":{"start":{"line":18,"column":64},"end":{"line":18,"column":65}},"loc":{"start":{"line":18,"column":76},"end":{"line":18,"column":119}},"line":18},"7":{"name":"(anonymous_7)","decl":{"start":{"line":20,"column":64},"end":{"line":20,"column":65}},"loc":{"start":{"line":20,"column":76},"end":{"line":20,"column":119}},"line":20},"8":{"name":"(anonymous_8)","decl":{"start":{"line":22,"column":70},"end":{"line":22,"column":71}},"loc":{"start":{"line":22,"column":82},"end":{"line":22,"column":131}},"line":22},"9":{"name":"(anonymous_9)","decl":{"start":{"line":24,"column":67},"end":{"line":24,"column":68}},"loc":{"start":{"line":24,"column":79},"end":{"line":24,"column":125}},"line":24}},"branchMap":{"0":{"loc":{"start":{"line":2,"column":22},"end":{"line":4,"column":1}},"type":"binary-expr","locations":[{"start":{"line":2,"column":23},"end":{"line":2,"column":27}},{"start":{"line":2,"column":31},"end":{"line":2,"column":51}},{"start":{"line":2,"column":56},"end":{"line":4,"column":1}}],"line":2},"1":{"loc":{"start":{"line":3,"column":11},"end":{"line":3,"column":61}},"type":"cond-expr","locations":[{"start":{"line":3,"column":37},"end":{"line":3,"column":40}},{"start":{"line":3,"column":43},"end":{"line":3,"column":61}}],"line":3},"2":{"loc":{"start":{"line":3,"column":12},"end":{"line":3,"column":33}},"type":"binary-expr","locations":[{"start":{"line":3,"column":12},"end":{"line":3,"column":15}},{"start":{"line":3,"column":19},"end":{"line":3,"column":33}}],"line":3}},"s":{"0":1,"1":0,"2":1,"3":1,"4":1,"5":1,"6":0,"7":1,"8":1,"9":0,"10":1,"11":1,"12":0,"13":1,"14":1,"15":0,"16":1,"17":1,"18":0,"19":1,"20":1,"21":0,"22":1,"23":1,"24":0,"25":1,"26":1,"27":0,"28":1,"29":1,"30":0},"f":{"0":0,"1":0,"2":0,"3":0,"4":0,"5":0,"6":0,"7":0,"8":0,"9":0},"b":{"0":[1,1,1],"1":[0,0],"2":[0,0]},"inputSourceMap":null,"_coverageSchema":"1a1c01bbd47fc00a2c39e90264f33305004495a9","hash":"134b811648ec243b93377bc1a1243a3275ab2c0b"}
,"/Users/ishipulin/Documents/yandex_praktikum/SpaceY/src/components/avatar/Avatar.tsx": {"path":"/Users/ishipulin/Documents/yandex_praktikum/SpaceY/src/components/avatar/Avatar.tsx","statementMap":{"0":{"start":{"line":2,"column":0},"end":{"line":2,"column":62}},"1":{"start":{"line":3,"column":16},"end":{"line":3,"column":32}},"2":{"start":{"line":4,"column":16},"end":{"line":4,"column":57}},"3":{"start":{"line":5,"column":21},"end":{"line":5,"column":67}},"4":{"start":{"line":6,"column":21},"end":{"line":6,"column":42}},"5":{"start":{"line":7,"column":26},"end":{"line":7,"column":62}},"6":{"start":{"line":8,"column":0},"end":{"line":8,"column":25}},"7":{"start":{"line":9,"column":15},"end":{"line":10,"column":420}},"8":{"start":{"line":9,"column":61},"end":{"line":10,"column":419}},"9":{"start":{"line":11,"column":0},"end":{"line":11,"column":25}}},"fnMap":{"0":{"name":"(anonymous_0)","decl":{"start":{"line":9,"column":15},"end":{"line":9,"column":16}},"loc":{"start":{"line":9,"column":61},"end":{"line":10,"column":419}},"line":9}},"branchMap":{"0":{"loc":{"start":{"line":10,"column":98},"end":{"line":10,"column":121}},"type":"binary-expr","locations":[{"start":{"line":10,"column":98},"end":{"line":10,"column":107}},{"start":{"line":10,"column":111},"end":{"line":10,"column":121}}],"line":10},"1":{"loc":{"start":{"line":10,"column":227},"end":{"line":10,"column":415}},"type":"cond-expr","locations":[{"start":{"line":10,"column":233},"end":{"line":10,"column":298}},{"start":{"line":10,"column":301},"end":{"line":10,"column":415}}],"line":10}},"s":{"0":0,"1":0,"2":0,"3":0,"4":0,"5":0,"6":0,"7":0,"8":0,"9":0},"f":{"0":0},"b":{"0":[0,0],"1":[0,0]},"inputSourceMap":null}
,"/Users/ishipulin/Documents/yandex_praktikum/SpaceY/src/components/button/Button.tsx": {"path":"/Users/ishipulin/Documents/yandex_praktikum/SpaceY/src/components/button/Button.tsx","statementMap":{"0":{"start":{"line":2,"column":0},"end":{"line":2,"column":62}},"1":{"start":{"line":3,"column":16},"end":{"line":3,"column":32}},"2":{"start":{"line":4,"column":16},"end":{"line":4,"column":57}},"3":{"start":{"line":5,"column":21},"end":{"line":5,"column":67}},"4":{"start":{"line":6,"column":0},"end":{"line":6,"column":25}},"5":{"start":{"line":7,"column":15},"end":{"line":9,"column":1}},"6":{"start":{"line":8,"column":4},"end":{"line":8,"column":175}},"7":{"start":{"line":10,"column":0},"end":{"line":10,"column":25}}},"fnMap":{"0":{"name":"(anonymous_0)","decl":{"start":{"line":7,"column":15},"end":{"line":7,"column":16}},"loc":{"start":{"line":7,"column":88},"end":{"line":9,"column":1}},"line":7}},"branchMap":{"0":{"loc":{"start":{"line":7,"column":38},"end":{"line":7,"column":54}},"type":"default-arg","locations":[{"start":{"line":7,"column":49},"end":{"line":7,"column":54}}],"line":7},"1":{"loc":{"start":{"line":7,"column":66},"end":{"line":7,"column":81}},"type":"default-arg","locations":[{"start":{"line":7,"column":73},"end":{"line":7,"column":81}}],"line":7}},"s":{"0":1,"1":1,"2":1,"3":1,"4":1,"5":1,"6":1,"7":1},"f":{"0":1},"b":{"0":[1],"1":[1]},"inputSourceMap":null,"_coverageSchema":"1a1c01bbd47fc00a2c39e90264f33305004495a9","hash":"c042cc3be2883408cb5a630785a7b4e10e4e62e4"}
,"/Users/ishipulin/Documents/yandex_praktikum/SpaceY/src/components/errorBoundary/ErrorBoundary.tsx": {"path":"/Users/ishipulin/Documents/yandex_praktikum/SpaceY/src/components/errorBoundary/ErrorBoundary.tsx","statementMap":{"0":{"start":{"line":2,"column":0},"end":{"line":2,"column":62}},"1":{"start":{"line":3,"column":16},"end":{"line":3,"column":32}},"2":{"start":{"line":4,"column":16},"end":{"line":4,"column":54}},"3":{"start":{"line":5,"column":21},"end":{"line":5,"column":42}},"4":{"start":{"line":8,"column":8},"end":{"line":8,"column":28}},"5":{"start":{"line":9,"column":8},"end":{"line":11,"column":10}},"6":{"start":{"line":12,"column":8},"end":{"line":16,"column":10}},"7":{"start":{"line":13,"column":12},"end":{"line":15,"column":15}},"8":{"start":{"line":19,"column":8},"end":{"line":19,"column":33}},"9":{"start":{"line":22,"column":8},"end":{"line":22,"column":76}},"10":{"start":{"line":25,"column":8},"end":{"line":25,"column":140}},"11":{"start":{"line":28,"column":0},"end":{"line":28,"column":32}}},"fnMap":{"0":{"name":"(anonymous_0)","decl":{"start":{"line":7,"column":4},"end":{"line":7,"column":5}},"loc":{"start":{"line":7,"column":18},"end":{"line":17,"column":5}},"line":7},"1":{"name":"(anonymous_1)","decl":{"start":{"line":12,"column":26},"end":{"line":12,"column":27}},"loc":{"start":{"line":12,"column":32},"end":{"line":16,"column":9}},"line":12},"2":{"name":"(anonymous_2)","decl":{"start":{"line":18,"column":4},"end":{"line":18,"column":5}},"loc":{"start":{"line":18,"column":38},"end":{"line":20,"column":5}},"line":18},"3":{"name":"(anonymous_3)","decl":{"start":{"line":21,"column":4},"end":{"line":21,"column":5}},"loc":{"start":{"line":21,"column":40},"end":{"line":23,"column":5}},"line":21},"4":{"name":"(anonymous_4)","decl":{"start":{"line":24,"column":4},"end":{"line":24,"column":5}},"loc":{"start":{"line":24,"column":13},"end":{"line":26,"column":5}},"line":24}},"branchMap":{"0":{"loc":{"start":{"line":25,"column":15},"end":{"line":25,"column":139}},"type":"cond-expr","locations":[{"start":{"line":25,"column":36},"end":{"line":25,"column":117}},{"start":{"line":25,"column":120},"end":{"line":25,"column":139}}],"line":25}},"s":{"0":1,"1":1,"2":1,"3":1,"4":1,"5":1,"6":1,"7":0,"8":0,"9":0,"10":1,"11":1},"f":{"0":1,"1":0,"2":0,"3":0,"4":1},"b":{"0":[0,1]},"inputSourceMap":null,"_coverageSchema":"1a1c01bbd47fc00a2c39e90264f33305004495a9","hash":"d4e52298031d73ae6d0b98f0bb1dfed4d3aeedf0"}
,"/Users/ishipulin/Documents/yandex_praktikum/SpaceY/src/components/gameCanvas/GameCanvas.tsx": {"path":"/Users/ishipulin/Documents/yandex_praktikum/SpaceY/src/components/gameCanvas/GameCanvas.tsx","statementMap":{"0":{"start":{"line":2,"column":0},"end":{"line":2,"column":62}},"1":{"start":{"line":3,"column":16},"end":{"line":3,"column":32}},"2":{"start":{"line":4,"column":16},"end":{"line":4,"column":54}},"3":{"start":{"line":5,"column":22},"end":{"line":5,"column":44}},"4":{"start":{"line":6,"column":21},"end":{"line":6,"column":67}},"5":{"start":{"line":7,"column":19},"end":{"line":7,"column":74}},"6":{"start":{"line":8,"column":18},"end":{"line":8,"column":47}},"7":{"start":{"line":9,"column":20},"end":{"line":9,"column":51}},"8":{"start":{"line":10,"column":24},"end":{"line":10,"column":58}},"9":{"start":{"line":11,"column":19},"end":{"line":102,"column":1}},"10":{"start":{"line":12,"column":21},"end":{"line":12,"column":48}},"11":{"start":{"line":13,"column":26},"end":{"line":13,"column":90}},"12":{"start":{"line":14,"column":25},"end":{"line":14,"column":88}},"13":{"start":{"line":15,"column":23},"end":{"line":15,"column":84}},"14":{"start":{"line":16,"column":35},"end":{"line":18,"column":5}},"15":{"start":{"line":17,"column":8},"end":{"line":17,"column":60}},"16":{"start":{"line":19,"column":33},"end":{"line":21,"column":5}},"17":{"start":{"line":20,"column":8},"end":{"line":20,"column":58}},"18":{"start":{"line":22,"column":32},"end":{"line":24,"column":5}},"19":{"start":{"line":23,"column":8},"end":{"line":23,"column":54}},"20":{"start":{"line":25,"column":30},"end":{"line":27,"column":5}},"21":{"start":{"line":26,"column":8},"end":{"line":26,"column":52}},"22":{"start":{"line":28,"column":22},"end":{"line":28,"column":42}},"23":{"start":{"line":29,"column":40},"end":{"line":29,"column":59}},"24":{"start":{"line":30,"column":30},"end":{"line":30,"column":49}},"25":{"start":{"line":32,"column":4},"end":{"line":39,"column":11}},"26":{"start":{"line":33,"column":23},"end":{"line":33,"column":40}},"27":{"start":{"line":34,"column":8},"end":{"line":34,"column":118}},"28":{"start":{"line":35,"column":8},"end":{"line":35,"column":37}},"29":{"start":{"line":36,"column":8},"end":{"line":38,"column":10}},"30":{"start":{"line":37,"column":12},"end":{"line":37,"column":53}},"31":{"start":{"line":40,"column":4},"end":{"line":56,"column":21}},"32":{"start":{"line":41,"column":8},"end":{"line":54,"column":9}},"33":{"start":{"line":43,"column":16},"end":{"line":43,"column":29}},"34":{"start":{"line":44,"column":16},"end":{"line":44,"column":44}},"35":{"start":{"line":45,"column":16},"end":{"line":45,"column":22}},"36":{"start":{"line":48,"column":16},"end":{"line":48,"column":30}},"37":{"start":{"line":49,"column":16},"end":{"line":49,"column":44}},"38":{"start":{"line":50,"column":16},"end":{"line":50,"column":45}},"39":{"start":{"line":51,"column":16},"end":{"line":51,"column":22}},"40":{"start":{"line":53,"column":16},"end":{"line":53,"column":22}},"41":{"start":{"line":55,"column":8},"end":{"line":55,"column":45}},"42":{"start":{"line":57,"column":4},"end":{"line":61,"column":21}},"43":{"start":{"line":58,"column":8},"end":{"line":60,"column":9}},"44":{"start":{"line":59,"column":12},"end":{"line":59,"column":37}},"45":{"start":{"line":62,"column":4},"end":{"line":66,"column":23}},"46":{"start":{"line":63,"column":8},"end":{"line":65,"column":9}},"47":{"start":{"line":64,"column":12},"end":{"line":64,"column":41}},"48":{"start":{"line":67,"column":23},"end":{"line":69,"column":10}},"49":{"start":{"line":68,"column":8},"end":{"line":68,"column":38}},"50":{"start":{"line":70,"column":27},"end":{"line":72,"column":10}},"51":{"start":{"line":71,"column":8},"end":{"line":71,"column":40}},"52":{"start":{"line":73,"column":24},"end":{"line":76,"column":10}},"53":{"start":{"line":74,"column":8},"end":{"line":74,"column":24}},"54":{"start":{"line":75,"column":8},"end":{"line":75,"column":37}},"55":{"start":{"line":77,"column":4},"end":{"line":101,"column":231}},"56":{"start":{"line":103,"column":0},"end":{"line":103,"column":29}}},"fnMap":{"0":{"name":"(anonymous_0)","decl":{"start":{"line":11,"column":19},"end":{"line":11,"column":20}},"loc":{"start":{"line":11,"column":67},"end":{"line":102,"column":1}},"line":11},"1":{"name":"(anonymous_1)","decl":{"start":{"line":16,"column":35},"end":{"line":16,"column":36}},"loc":{"start":{"line":16,"column":54},"end":{"line":18,"column":5}},"line":16},"2":{"name":"(anonymous_2)","decl":{"start":{"line":19,"column":33},"end":{"line":19,"column":34}},"loc":{"start":{"line":19,"column":51},"end":{"line":21,"column":5}},"line":19},"3":{"name":"(anonymous_3)","decl":{"start":{"line":22,"column":32},"end":{"line":22,"column":33}},"loc":{"start":{"line":22,"column":48},"end":{"line":24,"column":5}},"line":22},"4":{"name":"(anonymous_4)","decl":{"start":{"line":25,"column":30},"end":{"line":25,"column":31}},"loc":{"start":{"line":25,"column":45},"end":{"line":27,"column":5}},"line":25},"5":{"name":"(anonymous_5)","decl":{"start":{"line":32,"column":22},"end":{"line":32,"column":23}},"loc":{"start":{"line":32,"column":28},"end":{"line":39,"column":5}},"line":32},"6":{"name":"(anonymous_6)","decl":{"start":{"line":36,"column":15},"end":{"line":36,"column":16}},"loc":{"start":{"line":36,"column":21},"end":{"line":38,"column":9}},"line":36},"7":{"name":"(anonymous_7)","decl":{"start":{"line":40,"column":22},"end":{"line":40,"column":23}},"loc":{"start":{"line":40,"column":28},"end":{"line":56,"column":5}},"line":40},"8":{"name":"(anonymous_8)","decl":{"start":{"line":57,"column":22},"end":{"line":57,"column":23}},"loc":{"start":{"line":57,"column":28},"end":{"line":61,"column":5}},"line":57},"9":{"name":"(anonymous_9)","decl":{"start":{"line":62,"column":22},"end":{"line":62,"column":23}},"loc":{"start":{"line":62,"column":28},"end":{"line":66,"column":5}},"line":62},"10":{"name":"(anonymous_10)","decl":{"start":{"line":67,"column":43},"end":{"line":67,"column":44}},"loc":{"start":{"line":67,"column":49},"end":{"line":69,"column":5}},"line":67},"11":{"name":"(anonymous_11)","decl":{"start":{"line":70,"column":47},"end":{"line":70,"column":48}},"loc":{"start":{"line":70,"column":59},"end":{"line":72,"column":5}},"line":70},"12":{"name":"(anonymous_12)","decl":{"start":{"line":73,"column":44},"end":{"line":73,"column":45}},"loc":{"start":{"line":73,"column":50},"end":{"line":76,"column":5}},"line":73}},"branchMap":{"0":{"loc":{"start":{"line":41,"column":8},"end":{"line":54,"column":9}},"type":"switch","locations":[{"start":{"line":42,"column":12},"end":{"line":45,"column":22}},{"start":{"line":46,"column":12},"end":{"line":46,"column":51}},{"start":{"line":47,"column":12},"end":{"line":51,"column":22}},{"start":{"line":52,"column":12},"end":{"line":53,"column":22}}],"line":41},"1":{"loc":{"start":{"line":55,"column":8},"end":{"line":55,"column":44}},"type":"binary-expr","locations":[{"start":{"line":55,"column":8},"end":{"line":55,"column":23}},{"start":{"line":55,"column":27},"end":{"line":55,"column":44}}],"line":55},"2":{"loc":{"start":{"line":58,"column":8},"end":{"line":60,"column":9}},"type":"if","locations":[{"start":{"line":58,"column":8},"end":{"line":60,"column":9}},{"start":{"line":58,"column":8},"end":{"line":60,"column":9}}],"line":58},"3":{"loc":{"start":{"line":63,"column":8},"end":{"line":65,"column":9}},"type":"if","locations":[{"start":{"line":63,"column":8},"end":{"line":65,"column":9}},{"start":{"line":63,"column":8},"end":{"line":65,"column":9}}],"line":63},"4":{"loc":{"start":{"line":97,"column":25},"end":{"line":97,"column":54}},"type":"cond-expr","locations":[{"start":{"line":97,"column":38},"end":{"line":97,"column":45}},{"start":{"line":97,"column":48},"end":{"line":97,"column":54}}],"line":97}},"s":{"0":0,"1":0,"2":0,"3":0,"4":0,"5":0,"6":0,"7":0,"8":0,"9":0,"10":0,"11":0,"12":0,"13":0,"14":0,"15":0,"16":0,"17":0,"18":0,"19":0,"20":0,"21":0,"22":0,"23":0,"24":0,"25":0,"26":0,"27":0,"28":0,"29":0,"30":0,"31":0,"32":0,"33":0,"34":0,"35":0,"36":0,"37":0,"38":0,"39":0,"40":0,"41":0,"42":0,"43":0,"44":0,"45":0,"46":0,"47":0,"48":0,"49":0,"50":0,"51":0,"52":0,"53":0,"54":0,"55":0,"56":0},"f":{"0":0,"1":0,"2":0,"3":0,"4":0,"5":0,"6":0,"7":0,"8":0,"9":0,"10":0,"11":0,"12":0},"b":{"0":[0,0,0,0],"1":[0,0],"2":[0,0],"3":[0,0],"4":[0,0]},"inputSourceMap":null}
,"/Users/ishipulin/Documents/yandex_praktikum/SpaceY/src/components/input/Input.tsx": {"path":"/Users/ishipulin/Documents/yandex_praktikum/SpaceY/src/components/input/Input.tsx","statementMap":{"0":{"start":{"line":2,"column":0},"end":{"line":2,"column":62}},"1":{"start":{"line":3,"column":16},"end":{"line":3,"column":32}},"2":{"start":{"line":4,"column":16},"end":{"line":4,"column":57}},"3":{"start":{"line":5,"column":21},"end":{"line":5,"column":67}},"4":{"start":{"line":6,"column":0},"end":{"line":6,"column":24}},"5":{"start":{"line":7,"column":14},"end":{"line":12,"column":1}},"6":{"start":{"line":8,"column":4},"end":{"line":11,"column":91}},"7":{"start":{"line":13,"column":0},"end":{"line":13,"column":24}}},"fnMap":{"0":{"name":"(anonymous_0)","decl":{"start":{"line":7,"column":14},"end":{"line":7,"column":15}},"loc":{"start":{"line":7,"column":110},"end":{"line":12,"column":1}},"line":7}},"branchMap":{"0":{"loc":{"start":{"line":7,"column":49},"end":{"line":7,"column":62}},"type":"default-arg","locations":[{"start":{"line":7,"column":56},"end":{"line":7,"column":62}}],"line":7},"1":{"loc":{"start":{"line":9,"column":8},"end":{"line":9,"column":101}},"type":"binary-expr","locations":[{"start":{"line":9,"column":8},"end":{"line":9,"column":13}},{"start":{"line":9,"column":17},"end":{"line":9,"column":101}}],"line":9}},"s":{"0":1,"1":1,"2":1,"3":1,"4":1,"5":1,"6":1,"7":1},"f":{"0":1},"b":{"0":[1],"1":[1,1]},"inputSourceMap":null,"_coverageSchema":"1a1c01bbd47fc00a2c39e90264f33305004495a9","hash":"4c7db9c9b7eee1f837daf97aae656455c466bbbc"}
,"/Users/ishipulin/Documents/yandex_praktikum/SpaceY/src/components/menu/Menu.tsx": {"path":"/Users/ishipulin/Documents/yandex_praktikum/SpaceY/src/components/menu/Menu.tsx","statementMap":{"0":{"start":{"line":2,"column":0},"end":{"line":2,"column":62}},"1":{"start":{"line":3,"column":16},"end":{"line":3,"column":32}},"2":{"start":{"line":4,"column":16},"end":{"line":4,"column":57}},"3":{"start":{"line":5,"column":27},"end":{"line":5,"column":54}},"4":{"start":{"line":6,"column":21},"end":{"line":6,"column":67}},"5":{"start":{"line":7,"column":26},"end":{"line":7,"column":62}},"6":{"start":{"line":8,"column":24},"end":{"line":8,"column":58}},"7":{"start":{"line":9,"column":0},"end":{"line":9,"column":23}},"8":{"start":{"line":10,"column":13},"end":{"line":25,"column":1}},"9":{"start":{"line":11,"column":4},"end":{"line":24,"column":14}},"10":{"start":{"line":14,"column":29},"end":{"line":17,"column":13}},"11":{"start":{"line":15,"column":16},"end":{"line":16,"column":41}},"12":{"start":{"line":16,"column":20},"end":{"line":16,"column":41}},"13":{"start":{"line":18,"column":12},"end":{"line":20,"column":13}},"14":{"start":{"line":19,"column":16},"end":{"line":19,"column":178}},"15":{"start":{"line":21,"column":12},"end":{"line":23,"column":13}},"16":{"start":{"line":22,"column":16},"end":{"line":22,"column":129}},"17":{"start":{"line":26,"column":0},"end":{"line":26,"column":23}}},"fnMap":{"0":{"name":"(anonymous_0)","decl":{"start":{"line":10,"column":13},"end":{"line":10,"column":14}},"loc":{"start":{"line":10,"column":91},"end":{"line":25,"column":1}},"line":10},"1":{"name":"(anonymous_1)","decl":{"start":{"line":13,"column":88},"end":{"line":13,"column":89}},"loc":{"start":{"line":13,"column":118},"end":{"line":24,"column":9}},"line":13},"2":{"name":"(anonymous_2)","decl":{"start":{"line":14,"column":29},"end":{"line":14,"column":30}},"loc":{"start":{"line":14,"column":35},"end":{"line":17,"column":13}},"line":14}},"branchMap":{"0":{"loc":{"start":{"line":10,"column":16},"end":{"line":10,"column":54}},"type":"default-arg","locations":[{"start":{"line":10,"column":28},"end":{"line":10,"column":54}}],"line":10},"1":{"loc":{"start":{"line":10,"column":56},"end":{"line":10,"column":70}},"type":"default-arg","locations":[{"start":{"line":10,"column":66},"end":{"line":10,"column":70}}],"line":10},"2":{"loc":{"start":{"line":11,"column":92},"end":{"line":11,"column":112}},"type":"binary-expr","locations":[{"start":{"line":11,"column":92},"end":{"line":11,"column":100}},{"start":{"line":11,"column":104},"end":{"line":11,"column":112}}],"line":11},"3":{"loc":{"start":{"line":15,"column":16},"end":{"line":16,"column":41}},"type":"if","locations":[{"start":{"line":15,"column":16},"end":{"line":16,"column":41}},{"start":{"line":15,"column":16},"end":{"line":16,"column":41}}],"line":15},"4":{"loc":{"start":{"line":15,"column":20},"end":{"line":15,"column":42}},"type":"binary-expr","locations":[{"start":{"line":15,"column":20},"end":{"line":15,"column":26}},{"start":{"line":15,"column":30},"end":{"line":15,"column":42}}],"line":15},"5":{"loc":{"start":{"line":18,"column":12},"end":{"line":20,"column":13}},"type":"if","locations":[{"start":{"line":18,"column":12},"end":{"line":20,"column":13}},{"start":{"line":18,"column":12},"end":{"line":20,"column":13}}],"line":18},"6":{"loc":{"start":{"line":19,"column":137},"end":{"line":19,"column":166}},"type":"cond-expr","locations":[{"start":{"line":19,"column":146},"end":{"line":19,"column":154}},{"start":{"line":19,"column":157},"end":{"line":19,"column":166}}],"line":19},"7":{"loc":{"start":{"line":21,"column":12},"end":{"line":23,"column":13}},"type":"if","locations":[{"start":{"line":21,"column":12},"end":{"line":23,"column":13}},{"start":{"line":21,"column":12},"end":{"line":23,"column":13}}],"line":21}},"s":{"0":1,"1":1,"2":1,"3":1,"4":1,"5":1,"6":1,"7":1,"8":1,"9":1,"10":4,"11":0,"12":0,"13":4,"14":3,"15":1,"16":1,"17":1},"f":{"0":1,"1":4,"2":0},"b":{"0":[1],"1":[1],"2":[1,0],"3":[0,0],"4":[0,0],"5":[3,1],"6":[0,3],"7":[1,0]},"inputSourceMap":null,"_coverageSchema":"1a1c01bbd47fc00a2c39e90264f33305004495a9","hash":"bccf0deea9830c06beacf35c2f67d0d4bcec7334"}
,"/Users/ishipulin/Documents/yandex_praktikum/SpaceY/src/components/oops/Oops.tsx": {"path":"/Users/ishipulin/Documents/yandex_praktikum/SpaceY/src/components/oops/Oops.tsx","statementMap":{"0":{"start":{"line":2,"column":0},"end":{"line":2,"column":62}},"1":{"start":{"line":3,"column":16},"end":{"line":3,"column":32}},"2":{"start":{"line":4,"column":16},"end":{"line":4,"column":57}},"3":{"start":{"line":5,"column":27},"end":{"line":5,"column":54}},"4":{"start":{"line":6,"column":25},"end":{"line":6,"column":60}},"5":{"start":{"line":7,"column":13},"end":{"line":10,"column":24}},"6":{"start":{"line":7,"column":34},"end":{"line":10,"column":23}},"7":{"start":{"line":11,"column":0},"end":{"line":11,"column":23}}},"fnMap":{"0":{"name":"(anonymous_0)","decl":{"start":{"line":7,"column":13},"end":{"line":7,"column":14}},"loc":{"start":{"line":7,"column":34},"end":{"line":10,"column":23}},"line":7}},"branchMap":{},"s":{"0":1,"1":1,"2":1,"3":1,"4":1,"5":1,"6":1,"7":1},"f":{"0":1},"b":{},"inputSourceMap":null,"_coverageSchema":"1a1c01bbd47fc00a2c39e90264f33305004495a9","hash":"cdb89cc1044ce6e12dd41149c7fd9e6f6a677dae"}
,"/Users/ishipulin/Documents/yandex_praktikum/SpaceY/src/components/pagination/Pagination.tsx": {"path":"/Users/ishipulin/Documents/yandex_praktikum/SpaceY/src/components/pagination/Pagination.tsx","statementMap":{"0":{"start":{"line":2,"column":0},"end":{"line":2,"column":62}},"1":{"start":{"line":3,"column":16},"end":{"line":3,"column":32}},"2":{"start":{"line":4,"column":16},"end":{"line":4,"column":54}},"3":{"start":{"line":5,"column":21},"end":{"line":5,"column":67}},"4":{"start":{"line":6,"column":25},"end":{"line":6,"column":60}},"5":{"start":{"line":7,"column":30},"end":{"line":7,"column":70}},"6":{"start":{"line":8,"column":0},"end":{"line":8,"column":29}},"7":{"start":{"line":9,"column":19},"end":{"line":112,"column":1}},"8":{"start":{"line":10,"column":21},"end":{"line":13,"column":5}},"9":{"start":{"line":11,"column":8},"end":{"line":11,"column":32}},"10":{"start":{"line":12,"column":8},"end":{"line":12,"column":27}},"11":{"start":{"line":14,"column":29},"end":{"line":14,"column":233}},"12":{"start":{"line":14,"column":78},"end":{"line":14,"column":232}},"13":{"start":{"line":14,"column":195},"end":{"line":14,"column":222}},"14":{"start":{"line":15,"column":28},"end":{"line":20,"column":5}},"15":{"start":{"line":16,"column":22},"end":{"line":16,"column":69}},"16":{"start":{"line":17,"column":23},"end":{"line":17,"column":98}},"17":{"start":{"line":18,"column":27},"end":{"line":18,"column":76}},"18":{"start":{"line":19,"column":8},"end":{"line":19,"column":67}},"19":{"start":{"line":21,"column":24},"end":{"line":26,"column":5}},"20":{"start":{"line":22,"column":22},"end":{"line":22,"column":69}},"21":{"start":{"line":23,"column":23},"end":{"line":23,"column":107}},"22":{"start":{"line":24,"column":27},"end":{"line":24,"column":84}},"23":{"start":{"line":25,"column":8},"end":{"line":25,"column":67}},"24":{"start":{"line":27,"column":24},"end":{"line":33,"column":5}},"25":{"start":{"line":28,"column":22},"end":{"line":28,"column":24}},"26":{"start":{"line":29,"column":8},"end":{"line":31,"column":9}},"27":{"start":{"line":29,"column":21},"end":{"line":29,"column":26}},"28":{"start":{"line":30,"column":12},"end":{"line":30,"column":26}},"29":{"start":{"line":32,"column":8},"end":{"line":32,"column":21}},"30":{"start":{"line":34,"column":29},"end":{"line":40,"column":7}},"31":{"start":{"line":34,"column":41},"end":{"line":40,"column":6}},"32":{"start":{"line":35,"column":22},"end":{"line":35,"column":43}},"33":{"start":{"line":36,"column":23},"end":{"line":38,"column":16}},"34":{"start":{"line":39,"column":8},"end":{"line":39,"column":59}},"35":{"start":{"line":41,"column":27},"end":{"line":44,"column":5}},"36":{"start":{"line":42,"column":22},"end":{"line":42,"column":73}},"37":{"start":{"line":43,"column":8},"end":{"line":43,"column":94}},"38":{"start":{"line":45,"column":33},"end":{"line":58,"column":5}},"39":{"start":{"line":46,"column":30},"end":{"line":46,"column":32}},"40":{"start":{"line":47,"column":8},"end":{"line":48,"column":155}},"41":{"start":{"line":48,"column":12},"end":{"line":48,"column":155}},"42":{"start":{"line":49,"column":8},"end":{"line":50,"column":157}},"43":{"start":{"line":50,"column":12},"end":{"line":50,"column":157}},"44":{"start":{"line":51,"column":8},"end":{"line":52,"column":217}},"45":{"start":{"line":52,"column":12},"end":{"line":52,"column":217}},"46":{"start":{"line":53,"column":8},"end":{"line":54,"column":172}},"47":{"start":{"line":54,"column":12},"end":{"line":54,"column":172}},"48":{"start":{"line":55,"column":8},"end":{"line":56,"column":170}},"49":{"start":{"line":56,"column":12},"end":{"line":56,"column":170}},"50":{"start":{"line":57,"column":8},"end":{"line":57,"column":29}},"51":{"start":{"line":59,"column":33},"end":{"line":59,"column":136}},"52":{"start":{"line":59,"column":52},"end":{"line":59,"column":135}},"53":{"start":{"line":60,"column":24},"end":{"line":63,"column":5}},"54":{"start":{"line":61,"column":22},"end":{"line":61,"column":55}},"55":{"start":{"line":62,"column":8},"end":{"line":62,"column":39}},"56":{"start":{"line":64,"column":33},"end":{"line":72,"column":5}},"57":{"start":{"line":65,"column":42},"end":{"line":65,"column":73}},"58":{"start":{"line":66,"column":23},"end":{"line":68,"column":16}},"59":{"start":{"line":69,"column":8},"end":{"line":71,"column":31}},"60":{"start":{"line":73,"column":34},"end":{"line":106,"column":5}},"61":{"start":{"line":74,"column":29},"end":{"line":74,"column":30}},"62":{"start":{"line":75,"column":32},"end":{"line":75,"column":34}},"63":{"start":{"line":76,"column":30},"end":{"line":76,"column":114}},"64":{"start":{"line":77,"column":8},"end":{"line":80,"column":9}},"65":{"start":{"line":78,"column":12},"end":{"line":78,"column":69}},"66":{"start":{"line":78,"column":45},"end":{"line":78,"column":67}},"67":{"start":{"line":79,"column":12},"end":{"line":79,"column":35}},"68":{"start":{"line":81,"column":8},"end":{"line":81,"column":59}},"69":{"start":{"line":82,"column":8},"end":{"line":103,"column":9}},"70":{"start":{"line":83,"column":29},"end":{"line":83,"column":55}},"71":{"start":{"line":84,"column":12},"end":{"line":84,"column":46}},"72":{"start":{"line":87,"column":36},"end":{"line":87,"column":37}},"73":{"start":{"line":88,"column":34},"end":{"line":88,"column":52}},"74":{"start":{"line":89,"column":31},"end":{"line":89,"column":74}},"75":{"start":{"line":90,"column":35},"end":{"line":90,"column":70}},"76":{"start":{"line":91,"column":33},"end":{"line":91,"column":43}},"77":{"start":{"line":92,"column":30},"end":{"line":92,"column":71}},"78":{"start":{"line":93,"column":35},"end":{"line":93,"column":179}},"79":{"start":{"line":94,"column":33},"end":{"line":94,"column":71}},"80":{"start":{"line":95,"column":30},"end":{"line":95,"column":71}},"81":{"start":{"line":96,"column":40},"end":{"line":96,"column":99}},"82":{"start":{"line":97,"column":41},"end":{"line":97,"column":99}},"83":{"start":{"line":98,"column":12},"end":{"line":98,"column":48}},"84":{"start":{"line":99,"column":12},"end":{"line":99,"column":54}},"85":{"start":{"line":100,"column":12},"end":{"line":100,"column":47}},"86":{"start":{"line":101,"column":12},"end":{"line":101,"column":55}},"87":{"start":{"line":102,"column":12},"end":{"line":102,"column":47}},"88":{"start":{"line":104,"column":8},"end":{"line":104,"column":67}},"89":{"start":{"line":105,"column":8},"end":{"line":105,"column":31}},"90":{"start":{"line":107,"column":27},"end":{"line":110,"column":5}},"91":{"start":{"line":108,"column":22},"end":{"line":108,"column":45}},"92":{"start":{"line":109,"column":8},"end":{"line":109,"column":113}},"93":{"start":{"line":109,"column":42},"end":{"line":109,"column":111}},"94":{"start":{"line":111,"column":4},"end":{"line":111,"column":95}},"95":{"start":{"line":113,"column":0},"end":{"line":113,"column":29}}},"fnMap":{"0":{"name":"(anonymous_0)","decl":{"start":{"line":9,"column":19},"end":{"line":9,"column":20}},"loc":{"start":{"line":9,"column":114},"end":{"line":112,"column":1}},"line":9},"1":{"name":"(anonymous_1)","decl":{"start":{"line":10,"column":21},"end":{"line":10,"column":22}},"loc":{"start":{"line":10,"column":38},"end":{"line":13,"column":5}},"line":10},"2":{"name":"(anonymous_2)","decl":{"start":{"line":14,"column":29},"end":{"line":14,"column":30}},"loc":{"start":{"line":14,"column":78},"end":{"line":14,"column":232}},"line":14},"3":{"name":"(anonymous_3)","decl":{"start":{"line":14,"column":186},"end":{"line":14,"column":187}},"loc":{"start":{"line":14,"column":195},"end":{"line":14,"column":222}},"line":14},"4":{"name":"(anonymous_4)","decl":{"start":{"line":15,"column":28},"end":{"line":15,"column":29}},"loc":{"start":{"line":15,"column":45},"end":{"line":20,"column":5}},"line":15},"5":{"name":"(anonymous_5)","decl":{"start":{"line":21,"column":24},"end":{"line":21,"column":25}},"loc":{"start":{"line":21,"column":53},"end":{"line":26,"column":5}},"line":21},"6":{"name":"(anonymous_6)","decl":{"start":{"line":27,"column":24},"end":{"line":27,"column":25}},"loc":{"start":{"line":27,"column":40},"end":{"line":33,"column":5}},"line":27},"7":{"name":"(anonymous_7)","decl":{"start":{"line":34,"column":29},"end":{"line":34,"column":30}},"loc":{"start":{"line":34,"column":41},"end":{"line":40,"column":6}},"line":34},"8":{"name":"(anonymous_8)","decl":{"start":{"line":34,"column":51},"end":{"line":34,"column":52}},"loc":{"start":{"line":34,"column":65},"end":{"line":40,"column":5}},"line":34},"9":{"name":"(anonymous_9)","decl":{"start":{"line":41,"column":27},"end":{"line":41,"column":28}},"loc":{"start":{"line":41,"column":33},"end":{"line":44,"column":5}},"line":41},"10":{"name":"(anonymous_10)","decl":{"start":{"line":45,"column":33},"end":{"line":45,"column":34}},"loc":{"start":{"line":45,"column":101},"end":{"line":58,"column":5}},"line":45},"11":{"name":"(anonymous_11)","decl":{"start":{"line":59,"column":33},"end":{"line":59,"column":34}},"loc":{"start":{"line":59,"column":52},"end":{"line":59,"column":135}},"line":59},"12":{"name":"(anonymous_12)","decl":{"start":{"line":60,"column":24},"end":{"line":60,"column":25}},"loc":{"start":{"line":60,"column":50},"end":{"line":63,"column":5}},"line":60},"13":{"name":"(anonymous_13)","decl":{"start":{"line":64,"column":33},"end":{"line":64,"column":34}},"loc":{"start":{"line":64,"column":67},"end":{"line":72,"column":5}},"line":64},"14":{"name":"(anonymous_14)","decl":{"start":{"line":73,"column":34},"end":{"line":73,"column":35}},"loc":{"start":{"line":73,"column":40},"end":{"line":106,"column":5}},"line":73},"15":{"name":"(anonymous_15)","decl":{"start":{"line":78,"column":34},"end":{"line":78,"column":35}},"loc":{"start":{"line":78,"column":45},"end":{"line":78,"column":67}},"line":78},"16":{"name":"(anonymous_16)","decl":{"start":{"line":107,"column":27},"end":{"line":107,"column":28}},"loc":{"start":{"line":107,"column":33},"end":{"line":110,"column":5}},"line":107},"17":{"name":"(anonymous_17)","decl":{"start":{"line":109,"column":25},"end":{"line":109,"column":26}},"loc":{"start":{"line":109,"column":42},"end":{"line":109,"column":111}},"line":109}},"branchMap":{"0":{"loc":{"start":{"line":9,"column":22},"end":{"line":9,"column":44}},"type":"default-arg","locations":[{"start":{"line":9,"column":43},"end":{"line":9,"column":44}}],"line":9},"1":{"loc":{"start":{"line":9,"column":59},"end":{"line":9,"column":80}},"type":"default-arg","locations":[{"start":{"line":9,"column":79},"end":{"line":9,"column":80}}],"line":9},"2":{"loc":{"start":{"line":14,"column":45},"end":{"line":14,"column":62}},"type":"default-arg","locations":[{"start":{"line":14,"column":58},"end":{"line":14,"column":62}}],"line":14},"3":{"loc":{"start":{"line":17,"column":23},"end":{"line":17,"column":98}},"type":"cond-expr","locations":[{"start":{"line":17,"column":43},"end":{"line":17,"column":93}},{"start":{"line":17,"column":96},"end":{"line":17,"column":98}}],"line":17},"4":{"loc":{"start":{"line":18,"column":27},"end":{"line":18,"column":76}},"type":"cond-expr","locations":[{"start":{"line":18,"column":47},"end":{"line":18,"column":58}},{"start":{"line":18,"column":61},"end":{"line":18,"column":76}}],"line":18},"5":{"loc":{"start":{"line":23,"column":23},"end":{"line":23,"column":107}},"type":"cond-expr","locations":[{"start":{"line":23,"column":52},"end":{"line":23,"column":102}},{"start":{"line":23,"column":105},"end":{"line":23,"column":107}}],"line":23},"6":{"loc":{"start":{"line":24,"column":27},"end":{"line":24,"column":84}},"type":"cond-expr","locations":[{"start":{"line":24,"column":56},"end":{"line":24,"column":66}},{"start":{"line":24,"column":69},"end":{"line":24,"column":84}}],"line":24},"7":{"loc":{"start":{"line":36,"column":23},"end":{"line":38,"column":16}},"type":"cond-expr","locations":[{"start":{"line":37,"column":14},"end":{"line":37,"column":62}},{"start":{"line":38,"column":14},"end":{"line":38,"column":16}}],"line":36},"8":{"loc":{"start":{"line":47,"column":8},"end":{"line":48,"column":155}},"type":"if","locations":[{"start":{"line":47,"column":8},"end":{"line":48,"column":155}},{"start":{"line":47,"column":8},"end":{"line":48,"column":155}}],"line":47},"9":{"loc":{"start":{"line":49,"column":8},"end":{"line":50,"column":157}},"type":"if","locations":[{"start":{"line":49,"column":8},"end":{"line":50,"column":157}},{"start":{"line":49,"column":8},"end":{"line":50,"column":157}}],"line":49},"10":{"loc":{"start":{"line":51,"column":8},"end":{"line":52,"column":217}},"type":"if","locations":[{"start":{"line":51,"column":8},"end":{"line":52,"column":217}},{"start":{"line":51,"column":8},"end":{"line":52,"column":217}}],"line":51},"11":{"loc":{"start":{"line":53,"column":8},"end":{"line":54,"column":172}},"type":"if","locations":[{"start":{"line":53,"column":8},"end":{"line":54,"column":172}},{"start":{"line":53,"column":8},"end":{"line":54,"column":172}}],"line":53},"12":{"loc":{"start":{"line":55,"column":8},"end":{"line":56,"column":170}},"type":"if","locations":[{"start":{"line":55,"column":8},"end":{"line":56,"column":170}},{"start":{"line":55,"column":8},"end":{"line":56,"column":170}}],"line":55},"13":{"loc":{"start":{"line":66,"column":23},"end":{"line":68,"column":16}},"type":"cond-expr","locations":[{"start":{"line":67,"column":14},"end":{"line":67,"column":62}},{"start":{"line":68,"column":14},"end":{"line":68,"column":16}}],"line":66},"14":{"loc":{"start":{"line":69,"column":15},"end":{"line":71,"column":30}},"type":"cond-expr","locations":[{"start":{"line":70,"column":14},"end":{"line":70,"column":89}},{"start":{"line":71,"column":14},"end":{"line":71,"column":30}}],"line":69},"15":{"loc":{"start":{"line":77,"column":8},"end":{"line":80,"column":9}},"type":"if","locations":[{"start":{"line":77,"column":8},"end":{"line":80,"column":9}},{"start":{"line":77,"column":8},"end":{"line":80,"column":9}}],"line":77},"16":{"loc":{"start":{"line":82,"column":8},"end":{"line":103,"column":9}},"type":"if","locations":[{"start":{"line":82,"column":8},"end":{"line":103,"column":9}},{"start":{"line":82,"column":8},"end":{"line":103,"column":9}}],"line":82}},"s":{"0":1,"1":1,"2":1,"3":1,"4":1,"5":1,"6":1,"7":1,"8":1,"9":0,"10":0,"11":1,"12":5,"13":0,"14":1,"15":1,"16":1,"17":1,"18":1,"19":1,"20":1,"21":1,"22":1,"23":1,"24":1,"25":1,"26":1,"27":1,"28":3,"29":1,"30":1,"31":1,"32":3,"33":3,"34":3,"35":1,"36":0,"37":0,"38":1,"39":1,"40":1,"41":0,"42":1,"43":0,"44":1,"45":0,"46":1,"47":0,"48":1,"49":0,"50":1,"51":1,"52":1,"53":1,"54":1,"55":1,"56":1,"57":0,"58":0,"59":0,"60":1,"61":1,"62":1,"63":1,"64":1,"65":0,"66":0,"67":0,"68":1,"69":1,"70":1,"71":1,"72":0,"73":0,"74":0,"75":0,"76":0,"77":0,"78":0,"79":0,"80":0,"81":0,"82":0,"83":0,"84":0,"85":0,"86":0,"87":0,"88":1,"89":1,"90":1,"91":1,"92":1,"93":5,"94":1,"95":1},"f":{"0":1,"1":0,"2":5,"3":0,"4":1,"5":1,"6":1,"7":1,"8":3,"9":0,"10":1,"11":1,"12":1,"13":0,"14":1,"15":0,"16":1,"17":5},"b":{"0":[1],"1":[1],"2":[0],"3":[1,0],"4":[1,0],"5":[0,1],"6":[0,1],"7":[1,2],"8":[0,1],"9":[0,1],"10":[0,1],"11":[0,1],"12":[0,1],"13":[0,0],"14":[0,0],"15":[0,1],"16":[1,0]},"inputSourceMap":null,"_coverageSchema":"1a1c01bbd47fc00a2c39e90264f33305004495a9","hash":"a12f7e4369301ae3f187b6cf7da2956935be47ab"}
,"/Users/ishipulin/Documents/yandex_praktikum/SpaceY/src/components/spinner/Spinner.tsx": {"path":"/Users/ishipulin/Documents/yandex_praktikum/SpaceY/src/components/spinner/Spinner.tsx","statementMap":{"0":{"start":{"line":2,"column":0},"end":{"line":2,"column":62}},"1":{"start":{"line":3,"column":16},"end":{"line":3,"column":32}},"2":{"start":{"line":4,"column":16},"end":{"line":4,"column":57}},"3":{"start":{"line":5,"column":27},"end":{"line":5,"column":64}},"4":{"start":{"line":6,"column":0},"end":{"line":6,"column":26}},"5":{"start":{"line":7,"column":16},"end":{"line":11,"column":119}},"6":{"start":{"line":7,"column":23},"end":{"line":11,"column":118}},"7":{"start":{"line":12,"column":0},"end":{"line":12,"column":26}}},"fnMap":{"0":{"name":"(anonymous_0)","decl":{"start":{"line":7,"column":16},"end":{"line":7,"column":17}},"loc":{"start":{"line":7,"column":23},"end":{"line":11,"column":118}},"line":7}},"branchMap":{},"s":{"0":0,"1":0,"2":0,"3":0,"4":0,"5":0,"6":0,"7":0},"f":{"0":0},"b":{},"inputSourceMap":null}
}
